Arguments: 
  /Users/wuye/.nvm/versions/node/v16.20.0/bin/node /Users/wuye/.cache/node/corepack/yarn/1.22.19/bin/yarn.js init -D vite

PATH: 
  /Users/wuye/.nvm/versions/node/v16.20.0/bin:/usr/local/bin:/System/Cryptexes/App/usr/bin:/usr/bin:/bin:/usr/sbin:/sbin:/usr/local/go/bin:/Library/Apple/usr/bin:/Users/wuye/.composer/vendor/bin:/opt/homebrew/opt/php@8.0/sbin:/opt/homebrew/opt/php@8.0/bin:/opt/homebrew/bin:/opt/homebrew/sbin:/opt/homebrew/bin/python3:/Users/wuye/code/go/bin:/Users/wuye/mygo/bin:/usr/local/bin/ChromeDriver:/Users/wuye/mygo/bin

Yarn version: 
  1.22.19

Node version: 
  16.20.0

Platform: 
  darwin arm64

Trace: 
  Error: canceled
      at Interface.<anonymous> (/Users/wuye/.cache/node/corepack/yarn/1.22.19/lib/cli.js:137150:13)
      at Interface.emit (node:events:513:28)
      at Interface._ttyWrite (node:readline:1085:16)
      at ReadStream.onkeypress (node:readline:291:10)
      at ReadStream.emit (node:events:513:28)
      at emitKeys (node:internal/readline/utils:357:14)
      at emitKeys.next (<anonymous>)
      at ReadStream.onData (node:internal/readline/emitKeypressEvents:61:36)
      at ReadStream.emit (node:events:513:28)
      at addChunk (node:internal/streams/readable:315:12)

npm manifest: 
  {
    "name": "02_hello_vue",
    "version": "1.0.0",
    "main": "index.js",
    "license": "MIT"
  }

yarn manifest: 
  No manifest

Lockfile: 
  No lockfile
